
ROM used: 286 (1%)
          286 (1%) including unused fragments

          1 Average locations per line
          14 Average locations per statement

RAM used: 26 (2%) at main() level
          26 (2%) worst case

Stack used: 1 worst case (out of 31 total available)

Lines Stmts  %   Files
----- ----- ---  -----
   46    20 100  encoder.c
  359     0   0  C:\PICC\devices\18F452.h
----- -----
  405    20 Total

Page ROM  %  RAM   Vol Diff  Functions:
---- --- --- ---   --- ----  ----------
0     32   6   0   119  3.8  isr_INT_EXT
0     32   6   0   119  3.8  isr_INT_EXT1
0     40   7   0   134  1.8  MAIN

Program metrics:
    Functions               3
    Statements              20
    Comments                90
    Volume (V)              506
    Difficilty (D)          9.4
    Effort to implement (E) 4732
    Time to implement (T)   4 minutes
    Est Delivered Bugs (B)  0
    Cyclomatic Complexity   2
    Maintainability (MI)    154

 Segment     Used  Free
-----------  ----  ----
00000-00002     4  0  
00004-00006     0  4  
00008-000B8   178  0  
000BA-07FFE   104  32478  



