
ROM used: 10 (2%)
          10 (2%) including unused fragments

          0 Average locations per line
          3 Average locations per statement

RAM used: 3 (12%) at main() level
          3 (12%) worst case

Stack used: 0 worst case (out of 2 total available)

Lines Stmts  %   Files
----- ----- ---  -----
   17     3 100  encoderSim.c
  111     0   0  C:\PICC\devices\12C508A.h
----- -----
  128     3 Total

Page ROM  %  RAM   Vol Diff  Functions:
---- --- --- ---   --- ----  ----------
0     10 100   0    37  1.3  main

Program metrics:
    Functions               1
    Statements              3
    Comments                42
    Volume (V)              37
    Difficilty (D)          1.3
    Effort to implement (E) 49
    Time to implement (T)   0 minutes
    Est Delivered Bugs (B)  0
    Cyclomatic Complexity   1
    Maintainability (MI)    105

 Segment     Used  Free
-----------  ----  ----
00000-001FF    10  501  



